Using pre-set license
Built from '2020.2/staging' branch; Version is '2020.2.6f1 (8a2143876886) revision 9052483'; Using compiler version '192528614'; Build Type 'Release'
OS: 'Windows 10 Home; OS build 18363.778; Version 1909; 64bit' Language: 'en' Physical Memory: 8083 MB
BatchMode: 1, IsHumanControllingUs: 0, StartBugReporterOnCrash: 0, Is64bit: 1, IsPro: 0

 COMMAND LINE ARGUMENTS:
C:\Program Files\Unity\Hub\Editor\2020.2.6f1\Editor\Unity.exe
-adb2
-batchMode
-noUpm
-name
AssetImportWorker0
-projectPath
C:/Users/Mikowhy/Documents/Unity-Interactable-Snow/Interactable Snow HDRP
-logFile
Logs/AssetImportWorker0.log
-srvPort
56681
Successfully changed project path to: C:/Users/Mikowhy/Documents/Unity-Interactable-Snow/Interactable Snow HDRP
C:/Users/Mikowhy/Documents/Unity-Interactable-Snow/Interactable Snow HDRP
Using Asset Import Pipeline V2.
Refreshing native plugins compatible for Editor in 77.12 ms, found 0 plugins.
Preloading 0 native plugins for Editor in 0.00 ms.
Initialize engine version: 2020.2.6f1 (8a2143876886)
[Subsystems] Discovering subsystems at path C:/Program Files/Unity/Hub/Editor/2020.2.6f1/Editor/Data/Resources/UnitySubsystems
[Subsystems] Discovering subsystems at path C:/Users/Mikowhy/Documents/Unity-Interactable-Snow/Interactable Snow HDRP/Assets
GfxDevice: creating device client; threaded=0
Direct3D:
    Version:  Direct3D 11.0 [level 11.0]
    Renderer: NVIDIA GeForce GTX 660 (ID=0x11c0)
    Vendor:   
    VRAM:     1998 MB
    Driver:   26.21.14.4274
Initialize mono
Mono path[0] = 'C:/Program Files/Unity/Hub/Editor/2020.2.6f1/Editor/Data/Managed'
Mono path[1] = 'C:/Program Files/Unity/Hub/Editor/2020.2.6f1/Editor/Data/MonoBleedingEdge/lib/mono/unityjit'
Mono config path = 'C:/Program Files/Unity/Hub/Editor/2020.2.6f1/Editor/Data/MonoBleedingEdge/etc'
Using monoOptions --debugger-agent=transport=dt_socket,embedding=1,server=y,suspend=n,address=127.0.0.1:56788
Begin MonoManager ReloadAssembly
Registering precompiled unity dll's ...
Register platform support module: C:/Program Files/Unity/Hub/Editor/2020.2.6f1/Editor/Data/PlaybackEngines/WindowsStandaloneSupport/UnityEditor.WindowsStandalone.Extensions.dll
Registered in 0.001435 seconds.
Native extension for WindowsStandalone target not found
Refreshing native plugins compatible for Editor in 74.25 ms, found 0 plugins.
Preloading 0 native plugins for Editor in 0.00 ms.
Invoked RoslynAnalysisRunner static constructor.
RoslynAnalysisRunner will not be running.
RoslynAnalysisRunner has terminated.
Mono: successfully reloaded assembly
- Completed reload, in  2.463 seconds
Platform modules already initialized, skipping
Registering precompiled user dll's ...
Registered in 0.001868 seconds.
Begin MonoManager ReloadAssembly
Native extension for WindowsStandalone target not found
Refreshing native plugins compatible for Editor in 78.87 ms, found 0 plugins.
Preloading 0 native plugins for Editor in 0.00 ms.
Invoked RoslynAnalysisRunner static constructor.
RoslynAnalysisRunner will not be running.
RoslynAnalysisRunner has terminated.
Mono: successfully reloaded assembly
- Completed reload, in  1.364 seconds
Platform modules already initialized, skipping
========================================================================
Worker process is ready to serve import requests
Launched and connected shader compiler UnityShaderCompiler.exe after 0.04 seconds
D3D shader create error for vertex shader [0x80070057]
D3D shader create error for pixel shader [0x80070057]
D3D shader create error for vertex shader [0x80070057]
D3D shader create error for vertex shader [0x80070057]
D3D shader create error for vertex shader [0x80070057]
D3D shader create error for domain shader [0x80070057]
D3D shader create error for domain shader [0x80070057]
Refreshing native plugins compatible for Editor in 0.56 ms, found 0 plugins.
Preloading 0 native plugins for Editor in 0.00 ms.
Unloading 3479 Unused Serialized files (Serialized files now loaded: 0)
System memory in use before: 242.2 MB.
System memory in use after: 242.4 MB.

Unloading 12 unused Assets to reduce memory usage. Loaded Objects now: 3945.
Total: 2.535100 ms (FindLiveObjects: 0.312200 ms CreateObjectMapping: 0.164800 ms MarkObjects: 1.938400 ms  DeleteObjects: 0.118600 ms)

========================================================================
Received Import Request.
  path: Assets/InteractiveSnow
  artifactKey: Guid(1ccfed62dccc4d24e9693cffe6336a99) Importer(815301076,1909f56bfc062723c751e8b465ee728b)
Start importing Assets/InteractiveSnow using Guid(1ccfed62dccc4d24e9693cffe6336a99) Importer(815301076,1909f56bfc062723c751e8b465ee728b)  -> (artifact id: '2bdc2cf904e5e04d3614a61d63e0f968') in 0.004991 seconds
  Import took 0.010815 seconds .

========================================================================
Received Import Request.
  Time since last request: 0.000383 seconds.
  path: Assets/InteractiveSnow/DemoAnim 1.controller
  artifactKey: Guid(c0143a523aa8b6f419f5ffe8a45c28cc) Importer(815301076,1909f56bfc062723c751e8b465ee728b)
Start importing Assets/InteractiveSnow/DemoAnim 1.controller using Guid(c0143a523aa8b6f419f5ffe8a45c28cc) Importer(815301076,1909f56bfc062723c751e8b465ee728b)  -> (artifact id: '06604c7c09ec4b287a053828149423ef') in 0.036370 seconds
  Import took 0.043817 seconds .

========================================================================
Received Import Request.
  Time since last request: 2.549433 seconds.
  path: Assets/InteractiveSnow/DemoAnim.controller
  artifactKey: Guid(6e92a762e9a489c40be440d453aaff88) Importer(815301076,1909f56bfc062723c751e8b465ee728b)
Start importing Assets/InteractiveSnow/DemoAnim.controller using Guid(6e92a762e9a489c40be440d453aaff88) Importer(815301076,1909f56bfc062723c751e8b465ee728b)  -> (artifact id: '9fe548fd35e5d633e424176193b6f8ab') in 0.003252 seconds
  Import took 0.009335 seconds .

========================================================================
Received Import Request.
  Time since last request: 1.467791 seconds.
  path: Assets/InteractiveSnow/DemoShowcaseAnim.anim
  artifactKey: Guid(342480a05b935874fb04f726bc40d186) Importer(815301076,1909f56bfc062723c751e8b465ee728b)
Start importing Assets/InteractiveSnow/DemoShowcaseAnim.anim using Guid(342480a05b935874fb04f726bc40d186) Importer(815301076,1909f56bfc062723c751e8b465ee728b)  -> (artifact id: '4f695adc93a8a51fce962edddd5439d0') in 0.004136 seconds
  Import took 0.010083 seconds .

========================================================================
Received Import Request.
  Time since last request: 0.001769 seconds.
  path: Assets/InteractiveSnow/DemoShowcaseAnim.anim
  artifactKey: Guid(342480a05b935874fb04f726bc40d186) Importer(815301076,1909f56bfc062723c751e8b465ee728b)
Start importing Assets/InteractiveSnow/DemoShowcaseAnim.anim using Guid(342480a05b935874fb04f726bc40d186) Importer(815301076,1909f56bfc062723c751e8b465ee728b)  -> (artifact id: '4f695adc93a8a51fce962edddd5439d0') in 0.002648 seconds
  Import took 0.010827 seconds .

========================================================================
Received Import Request.
  Time since last request: 1.340436 seconds.
  path: Assets/InteractiveSnow/DemoShowcaseAnimation.anim
  artifactKey: Guid(4ec7674706d81dc4bb2517b423611ee5) Importer(815301076,1909f56bfc062723c751e8b465ee728b)
Start importing Assets/InteractiveSnow/DemoShowcaseAnimation.anim using Guid(4ec7674706d81dc4bb2517b423611ee5) Importer(815301076,1909f56bfc062723c751e8b465ee728b)  -> (artifact id: '6c6ed5e7decd7b438dc1d7b6deb865bf') in 0.002839 seconds
  Import took 0.008396 seconds .

========================================================================
Received Import Request.
  Time since last request: 83.759636 seconds.
  path: Assets/InteractiveSnow/Materials/SnowFlake.mat
  artifactKey: Guid(7850fb015d023c04db078680d577531f) Importer(815301076,1909f56bfc062723c751e8b465ee728b)
Start importing Assets/InteractiveSnow/Materials/SnowFlake.mat using Guid(7850fb015d023c04db078680d577531f) Importer(815301076,1909f56bfc062723c751e8b465ee728b)  -> (artifact id: '48b8abc003c46967607751c72c553c45') in 0.871913 seconds
  Import took 0.880023 seconds .

========================================================================
Received Import Request.
  Time since last request: 106.348663 seconds.
  path: Assets/InteractiveSnow/Textures/colorNoise.png
  artifactKey: Guid(4daf950aba5e4114bbfdd3cb31ea0f31) Importer(815301076,1909f56bfc062723c751e8b465ee728b)
Start importing Assets/InteractiveSnow/Textures/colorNoise.png using Guid(4daf950aba5e4114bbfdd3cb31ea0f31) Importer(815301076,1909f56bfc062723c751e8b465ee728b)  -> (artifact id: 'ae28030f2cdc69be5dc1763e79414ab6') in 0.056825 seconds
  Import took 0.063124 seconds .

========================================================================
Received Import Request.
  Time since last request: 0.000304 seconds.
  path: Assets/InteractiveSnow/Textures/snowTerrainHeightmap.png
  artifactKey: Guid(9ac10025a900cf847a97cb954415f628) Importer(815301076,1909f56bfc062723c751e8b465ee728b)
Start importing Assets/InteractiveSnow/Textures/snowTerrainHeightmap.png using Guid(9ac10025a900cf847a97cb954415f628) Importer(815301076,1909f56bfc062723c751e8b465ee728b)  -> (artifact id: '2ad87ece83365e2aa5cd882a5231dbcc') in 0.024417 seconds
  Import took 0.029872 seconds .

========================================================================
Received Import Request.
  Time since last request: 0.000212 seconds.
  path: Assets/Settings/HDRPDefaultResources/DefaultHDRISky.exr
  artifactKey: Guid(54a3a0570aebe8949bec4966f1376581) Importer(815301076,1909f56bfc062723c751e8b465ee728b)
Start importing Assets/Settings/HDRPDefaultResources/DefaultHDRISky.exr using Guid(54a3a0570aebe8949bec4966f1376581) Importer(815301076,1909f56bfc062723c751e8b465ee728b)  -> (artifact id: '444a8948e95d6498df6971e8a0a74fbd') in 0.057560 seconds
  Import took 0.063876 seconds .

========================================================================
Received Import Request.
  Time since last request: 0.000238 seconds.
  path: Assets/InteractiveSnow/Textures/colorNoise.png
  artifactKey: Guid(4daf950aba5e4114bbfdd3cb31ea0f31) Importer(815301076,1909f56bfc062723c751e8b465ee728b)
Start importing Assets/InteractiveSnow/Textures/colorNoise.png using Guid(4daf950aba5e4114bbfdd3cb31ea0f31) Importer(815301076,1909f56bfc062723c751e8b465ee728b)  -> (artifact id: 'ae28030f2cdc69be5dc1763e79414ab6') in 0.027713 seconds
  Import took 0.034823 seconds .

========================================================================
Received Import Request.
  Time since last request: 0.000222 seconds.
  path: Assets/InteractiveSnow/Textures/SnowInteractionMaskRendererTexture.renderTexture
  artifactKey: Guid(299dbaf943e42f54aa9a6fedab2f7070) Importer(815301076,1909f56bfc062723c751e8b465ee728b)
Start importing Assets/InteractiveSnow/Textures/SnowInteractionMaskRendererTexture.renderTexture using Guid(299dbaf943e42f54aa9a6fedab2f7070) Importer(815301076,1909f56bfc062723c751e8b465ee728b)  -> (artifact id: 'ab9c782c977601a3214b3dd0573c020d') in 0.011548 seconds
  Import took 0.017076 seconds .

========================================================================
Received Import Request.
  Time since last request: 0.000241 seconds.
  path: Assets/Settings/HDRPDefaultResources/DefaultHDRISky.exr
  artifactKey: Guid(54a3a0570aebe8949bec4966f1376581) Importer(815301076,1909f56bfc062723c751e8b465ee728b)
Start importing Assets/Settings/HDRPDefaultResources/DefaultHDRISky.exr using Guid(54a3a0570aebe8949bec4966f1376581) Importer(815301076,1909f56bfc062723c751e8b465ee728b)  -> (artifact id: '444a8948e95d6498df6971e8a0a74fbd') in 0.053293 seconds
  Import took 0.059475 seconds .

========================================================================
Received Import Request.
  Time since last request: 0.013397 seconds.
  path: Assets/InteractiveSnow/Textures/SnowInteractionMaskRendererTexture.renderTexture
  artifactKey: Guid(299dbaf943e42f54aa9a6fedab2f7070) Importer(815301076,1909f56bfc062723c751e8b465ee728b)
Start importing Assets/InteractiveSnow/Textures/SnowInteractionMaskRendererTexture.renderTexture using Guid(299dbaf943e42f54aa9a6fedab2f7070) Importer(815301076,1909f56bfc062723c751e8b465ee728b)  -> (artifact id: 'ab9c782c977601a3214b3dd0573c020d') in 0.010366 seconds
  Import took 0.017675 seconds .

========================================================================
Received Prepare
Registering precompiled user dll's ...
Registered in 0.001487 seconds.
Begin MonoManager ReloadAssembly
Native extension for WindowsStandalone target not found
Refreshing native plugins compatible for Editor in 0.82 ms, found 0 plugins.
Preloading 0 native plugins for Editor in 0.00 ms.
Invoked RoslynAnalysisRunner static constructor.
RoslynAnalysisRunner will not be running.
RoslynAnalysisRunner has terminated.
Mono: successfully reloaded assembly
- Completed reload, in  1.247 seconds
Platform modules already initialized, skipping
D3D shader create error for vertex shader [0x80070057]
D3D shader create error for pixel shader [0x80070057]
D3D shader create error for vertex shader [0x80070057]
D3D shader create error for vertex shader [0x80070057]
D3D shader create error for vertex shader [0x80070057]
D3D shader create error for domain shader [0x80070057]
D3D shader create error for domain shader [0x80070057]
Refreshing native plugins compatible for Editor in 0.53 ms, found 0 plugins.
Preloading 0 native plugins for Editor in 0.00 ms.
Unloading 3212 Unused Serialized files (Serialized files now loaded: 0)
System memory in use before: 240.3 MB.
System memory in use after: 240.5 MB.

Unloading 7 unused Assets to reduce memory usage. Loaded Objects now: 4119.
Total: 2.973500 ms (FindLiveObjects: 0.519300 ms CreateObjectMapping: 0.201800 ms MarkObjects: 2.182800 ms  DeleteObjects: 0.068300 ms)

========================================================================
Received Prepare
D3D shader create error for vertex shader [0x80070057]
D3D shader create error for pixel shader [0x80070057]
D3D shader create error for vertex shader [0x80070057]
D3D shader create error for vertex shader [0x80070057]
D3D shader create error for vertex shader [0x80070057]
D3D shader create error for domain shader [0x80070057]
D3D shader create error for domain shader [0x80070057]
Refreshing native plugins compatible for Editor in 2.38 ms, found 0 plugins.
Preloading 0 native plugins for Editor in 0.00 ms.
Unloading 4 Unused Serialized files (Serialized files now loaded: 0)
System memory in use before: 176.7 MB.
System memory in use after: 176.9 MB.

Unloading 4 unused Assets to reduce memory usage. Loaded Objects now: 4119.
Total: 3.368600 ms (FindLiveObjects: 0.484100 ms CreateObjectMapping: 0.249700 ms MarkObjects: 2.548400 ms  DeleteObjects: 0.074000 ms)

========================================================================
Received Prepare
D3D shader create error for vertex shader [0x80070057]
D3D shader create error for pixel shader [0x80070057]
D3D shader create error for vertex shader [0x80070057]
D3D shader create error for vertex shader [0x80070057]
D3D shader create error for vertex shader [0x80070057]
D3D shader create error for domain shader [0x80070057]
D3D shader create error for domain shader [0x80070057]
D3D shader create error for vertex shader [0x80070057]
Refreshing native plugins compatible for Editor in 1.33 ms, found 0 plugins.
Preloading 0 native plugins for Editor in 0.00 ms.
Unloading 4 Unused Serialized files (Serialized files now loaded: 0)
System memory in use before: 176.8 MB.
System memory in use after: 177.1 MB.

Unloading 4 unused Assets to reduce memory usage. Loaded Objects now: 4119.
Total: 4.085200 ms (FindLiveObjects: 0.458100 ms CreateObjectMapping: 0.219300 ms MarkObjects: 3.335000 ms  DeleteObjects: 0.069400 ms)

AssetImportWorkerClient::OnTransportError - code=2 error=End of file
