Using pre-set license
Built from '2020.2/staging' branch; Version is '2020.2.6f1 (8a2143876886) revision 9052483'; Using compiler version '192528614'; Build Type 'Release'
OS: 'Windows 10 Home; OS build 18363.778; Version 1909; 64bit' Language: 'en' Physical Memory: 8083 MB
BatchMode: 1, IsHumanControllingUs: 0, StartBugReporterOnCrash: 0, Is64bit: 1, IsPro: 0

 COMMAND LINE ARGUMENTS:
C:\Program Files\Unity\Hub\Editor\2020.2.6f1\Editor\Unity.exe
-adb2
-batchMode
-noUpm
-name
AssetImportWorker0
-projectPath
C:/Users/Mikowhy/Documents/Unity-Interactable-Snow/Interactable Snow HDRP
-logFile
Logs/AssetImportWorker0.log
-srvPort
50350
Successfully changed project path to: C:/Users/Mikowhy/Documents/Unity-Interactable-Snow/Interactable Snow HDRP
C:/Users/Mikowhy/Documents/Unity-Interactable-Snow/Interactable Snow HDRP
Using Asset Import Pipeline V2.
Refreshing native plugins compatible for Editor in 73.55 ms, found 0 plugins.
Preloading 0 native plugins for Editor in 0.00 ms.
Initialize engine version: 2020.2.6f1 (8a2143876886)
[Subsystems] Discovering subsystems at path C:/Program Files/Unity/Hub/Editor/2020.2.6f1/Editor/Data/Resources/UnitySubsystems
[Subsystems] Discovering subsystems at path C:/Users/Mikowhy/Documents/Unity-Interactable-Snow/Interactable Snow HDRP/Assets
GfxDevice: creating device client; threaded=0
Direct3D:
    Version:  Direct3D 11.0 [level 11.0]
    Renderer: NVIDIA GeForce GTX 660 (ID=0x11c0)
    Vendor:   
    VRAM:     1998 MB
    Driver:   26.21.14.4274
Initialize mono
Mono path[0] = 'C:/Program Files/Unity/Hub/Editor/2020.2.6f1/Editor/Data/Managed'
Mono path[1] = 'C:/Program Files/Unity/Hub/Editor/2020.2.6f1/Editor/Data/MonoBleedingEdge/lib/mono/unityjit'
Mono config path = 'C:/Program Files/Unity/Hub/Editor/2020.2.6f1/Editor/Data/MonoBleedingEdge/etc'
Using monoOptions --debugger-agent=transport=dt_socket,embedding=1,server=y,suspend=n,address=127.0.0.1:56152
Begin MonoManager ReloadAssembly
Registering precompiled unity dll's ...
Register platform support module: C:/Program Files/Unity/Hub/Editor/2020.2.6f1/Editor/Data/PlaybackEngines/WindowsStandaloneSupport/UnityEditor.WindowsStandalone.Extensions.dll
Registered in 0.001533 seconds.
Native extension for WindowsStandalone target not found
Refreshing native plugins compatible for Editor in 70.46 ms, found 0 plugins.
Preloading 0 native plugins for Editor in 0.00 ms.
Invoked RoslynAnalysisRunner static constructor.
RoslynAnalysisRunner will not be running.
RoslynAnalysisRunner has terminated.
Mono: successfully reloaded assembly
- Completed reload, in  2.329 seconds
Platform modules already initialized, skipping
Registering precompiled user dll's ...
Registered in 0.001587 seconds.
Begin MonoManager ReloadAssembly
Native extension for WindowsStandalone target not found
Refreshing native plugins compatible for Editor in 72.36 ms, found 0 plugins.
Preloading 0 native plugins for Editor in 0.00 ms.
Invoked RoslynAnalysisRunner static constructor.
RoslynAnalysisRunner will not be running.
RoslynAnalysisRunner has terminated.
Mono: successfully reloaded assembly
- Completed reload, in  1.263 seconds
Platform modules already initialized, skipping
========================================================================
Worker process is ready to serve import requests
Launched and connected shader compiler UnityShaderCompiler.exe after 0.04 seconds
D3D shader create error for vertex shader [0x80070057]
D3D shader create error for pixel shader [0x80070057]
D3D shader create error for vertex shader [0x80070057]
Refreshing native plugins compatible for Editor in 0.54 ms, found 0 plugins.
Preloading 0 native plugins for Editor in 0.00 ms.
Unloading 3479 Unused Serialized files (Serialized files now loaded: 0)
System memory in use before: 242.5 MB.
System memory in use after: 239.9 MB.

Unloading 38 unused Assets to reduce memory usage. Loaded Objects now: 3919.
Total: 4.553200 ms (FindLiveObjects: 0.301200 ms CreateObjectMapping: 0.212500 ms MarkObjects: 2.020300 ms  DeleteObjects: 2.018200 ms)

========================================================================
Received Import Request.
  path: Assets/InteractiveSnow/Materials/TestObject.mat
  artifactKey: Guid(076027a6373c1314284043d13d2bd4e7) Importer(815301076,1909f56bfc062723c751e8b465ee728b)
Start importing Assets/InteractiveSnow/Materials/TestObject.mat using Guid(076027a6373c1314284043d13d2bd4e7) Importer(815301076,1909f56bfc062723c751e8b465ee728b)  -> (artifact id: '96bee4d20397e6c0b1d5a9dc2a08943c') in 0.783304 seconds
  Import took 0.790910 seconds .

